[2026-04-12 21:49:01.844330] [EMAIL] TO: vaushnavisingh10@gmail.com
BODY: Subject: Welcome to Bloom & Buy — You are subscribed!
Thank you for subscribing to Bloom & Buy newsletters.

You will now receive the latest offers, deals, and product updates directly in your inbox. Stay tuned for exciting promotions and savings!
--------------------------------------------------
[2026-04-12 21:49:05.091594] [EMAIL] TO: vaushnavisingh10@gmail.com
BODY: Subject: Welcome to Bloom & Buy — You are subscribed!
Thank you for subscribing to Bloom & Buy newsletters.

You will now receive the latest offers, deals, and product updates directly in your inbox. Stay tuned for exciting promotions and savings!
--------------------------------------------------
[2026-04-12 21:49:33.981613] [EMAIL] TO: vaushnavisingh10@gmail.com
BODY: Subject: Order Confirmed! (Demo) 🎉
Demo order #37 was successful (Mock Mode).
--------------------------------------------------
[2026-04-12 21:50:13.160277] [EMAIL] TO: vaushnavisingh10@gmail.com
BODY: Subject: Login Successful
Hi Vaishnavi Singh, you have successfully logged in with Google to Bloom & Buy. Enjoy personalized offers, tracking updates, and quick order notifications.
--------------------------------------------------
[2026-04-12 21:55:00.815193] [EMAIL] TO: vaushnavisingh10@gmail.com
BODY: Subject: Welcome to Bloom & Buy — You are subscribed!
Thank you for subscribing to Bloom & Buy newsletters.

You will now receive the latest offers, deals, and product updates directly in your inbox. Stay tuned for exciting promotions and savings!
--------------------------------------------------
[2026-04-12 21:55:47.335758] [EMAIL] TO: vaushnavisingh10@gmail.com
BODY: Subject: Login Successful
Hi Vaishnavi Singh, you have successfully logged in with Google to Bloom & Buy. Enjoy personalized offers, tracking updates, and quick order notifications.
--------------------------------------------------
[2026-04-12 21:56:02.601088] [EMAIL] TO: vaushnavisingh10@gmail.com
BODY: Subject: Welcome to Bloom & Buy — You are subscribed!
Thank you for subscribing to Bloom & Buy newsletters.

You will now receive the latest offers, deals, and product updates directly in your inbox. Stay tuned for exciting promotions and savings!
--------------------------------------------------
[2026-04-12 21:57:43.388747] [EMAIL] TO: admin@bloomandbuy.com
BODY: Subject: Login Successful ✅
Hi admin@bloomandbuy.com, you have successfully logged in. Welcome back to Bloom & Buy!
--------------------------------------------------
[2026-04-12 21:58:18.978168] [EMAIL] TO: pandeymonika9904@gmail.com
BODY: Subject: Welcome to Bloom & Buy — You are subscribed!
Thank you for subscribing to Bloom & Buy newsletters.

You will now receive the latest offers, deals, and product updates directly in your inbox. Stay tuned for exciting promotions and savings!
--------------------------------------------------
[2026-04-12 22:02:23.060210] [EMAIL] TO: vaushnavisingh10@gmail.com
BODY: Subject: Login Successful
Hi Vaishnavi Singh, you have successfully logged in with Google to Bloom & Buy. Enjoy personalized offers, tracking updates, and quick order notifications.
--------------------------------------------------
[2026-04-12 22:02:39.269654] [EMAIL] TO: vaushnavisingh10@gmail.com
BODY: Subject: Order Confirmed! 🎉
Bloom & Buy: Thank you! Your Order #38 for ₹402.82 is confirmed. Track here: http://localhost:5173/orders/tracking/38
--------------------------------------------------
[2026-04-12 22:02:55.417079] [EMAIL] TO: admin@bloomandbuy.com
BODY: Subject: Login Successful ✅
Hi admin@bloomandbuy.com, you have successfully logged in. Welcome back to Bloom & Buy!
--------------------------------------------------
[2026-04-12 22:03:17.573543] [EMAIL] TO: vaushnavisingh10@gmail.com
BODY: Subject: Order Update: Shipped 📦
Bloom & Buy: Your Order #38 is now Shipped. View details: http://localhost:5173/orders/tracking/38
--------------------------------------------------
[2026-04-12 22:03:52.948994] [EMAIL] TO: vaushnavisingh10@gmail.com
BODY: Subject: Login Successful
Hi Vaishnavi Singh, you have successfully logged in with Google to Bloom & Buy. Enjoy personalized offers, tracking updates, and quick order notifications.
--------------------------------------------------
[2026-04-12 22:32:08.383922] [EMAIL] TO: rameshsinghbiharsurat@gmail.com
BODY: Subject: Login Successful
Hi Ramesh Singh, you have successfully logged in with Google to Bloom & Buy. Enjoy personalized offers, tracking updates, and quick order notifications.
--------------------------------------------------
[2026-04-12 22:32:09.943671] [WHATSAPP] TO: +879952078
BODY: Hi Ramesh Singh, you have successfully logged in with Google to Bloom & Buy. Enjoy personalized offers, tracking updates, and quick order notifications.
--------------------------------------------------
[2026-04-12 22:32:24.390683] [EMAIL] TO: rameshsinghbiharsurat@gmail.com
BODY: Subject: Order Confirmed! 🎉
Bloom & Buy: Thank you! Your Order #41 for ₹3812.58 is confirmed. Track here: http://localhost:5173/orders/tracking/41
--------------------------------------------------
[2026-04-12 22:32:25.529510] [WHATSAPP] TO: +879952078
BODY: Bloom & Buy: Thank you! Your Order #41 for ₹3812.58 is confirmed. Track here: http://localhost:5173/orders/tracking/41
--------------------------------------------------
[2026-04-12 22:33:16.737574] [EMAIL] TO: rameshsinghbiharsurat@gmail.com
BODY: Subject: Login Successful
Hi Ramesh Singh, you have successfully logged in with Google to Bloom & Buy. Enjoy personalized offers, tracking updates, and quick order notifications.
--------------------------------------------------
[2026-04-12 22:33:17.795253] [WHATSAPP] TO: +879952078
BODY: Hi Ramesh Singh, you have successfully logged in with Google to Bloom & Buy. Enjoy personalized offers, tracking updates, and quick order notifications.
--------------------------------------------------
[2026-04-12 22:34:36.197918] [EMAIL] TO: vaishnavisingh251105@gmail.com
BODY: Subject: Login Successful
Hi Vaishnavi Singh, you have successfully logged in with Google to Bloom & Buy. Enjoy personalized offers, tracking updates, and quick order notifications.
--------------------------------------------------
[2026-04-12 22:34:37.213922] [WHATSAPP] TO: +919104944487
BODY: Hi Vaishnavi Singh, you have successfully logged in with Google to Bloom & Buy. Enjoy personalized offers, tracking updates, and quick order notifications.
--------------------------------------------------
[2026-04-12 22:34:57.173538] [EMAIL] TO: vaishnavisingh251105@gmail.com
BODY: Subject: Order Confirmed! 🎉
Bloom & Buy: Thank you! Your Order #42 for ₹638.82 is confirmed. Track here: http://localhost:5173/orders/tracking/42
--------------------------------------------------
[2026-04-12 22:34:58.437558] [WHATSAPP] TO: +919104944487
BODY: Bloom & Buy: Thank you! Your Order #42 for ₹638.82 is confirmed. Track here: http://localhost:5173/orders/tracking/42
--------------------------------------------------
[2026-04-12 22:35:07.464892] [EMAIL] TO: vaishnavisingh251105@gmail.com
BODY: Subject: Welcome to Bloom & Buy — You are subscribed!
Thank you for subscribing to Bloom & Buy newsletters.

You will now receive the latest offers, deals, and product updates directly in your inbox. Stay tuned for exciting promotions and savings!
--------------------------------------------------
[2026-04-12 22:36:55.206863] [EMAIL] TO: vaushnavisingh10@gmail.com
BODY: Subject: Login Successful
Hi Vaishnavi Singh, you have successfully logged in with Google to Bloom & Buy. Enjoy personalized offers, tracking updates, and quick order notifications.
--------------------------------------------------
[2026-04-12 22:36:56.293195] [WHATSAPP] TO: +919104944487
BODY: Hi Vaishnavi Singh, you have successfully logged in with Google to Bloom & Buy. Enjoy personalized offers, tracking updates, and quick order notifications.
--------------------------------------------------
[2026-04-12 22:38:27.553418] [EMAIL] TO: vaishnavisingh251105@gmail.com
BODY: Subject: Manual Test
Checking SMS/WhatsApp delivery status manually
--------------------------------------------------
